[debug] [2022-12-20T20:19:04.267Z] ----------------------------------------------------------------------
[debug] [2022-12-20T20:19:04.268Z] Command:       /usr/local/bin/firebase /home/ngosa/.cache/firebase/tools/lib/node_modules/firebase-tools/lib/bin/firebase deploy
[debug] [2022-12-20T20:19:04.269Z] CLI Version:   11.18.0
[debug] [2022-12-20T20:19:04.269Z] Platform:      linux
[debug] [2022-12-20T20:19:04.269Z] Node Version:  v16.16.0
[debug] [2022-12-20T20:19:04.281Z] Time:          Wed Dec 21 2022 03:19:04 GMT+0700 (Indochina Time)
[debug] [2022-12-20T20:19:04.281Z] ----------------------------------------------------------------------
[debug] 
[debug] [2022-12-20T20:19:04.283Z] >>> [apiv2][query] GET https://firebase-public.firebaseio.com/cli.json [none]
[debug] [2022-12-20T20:19:04.339Z] > command requires scopes: ["email","openid","https://www.googleapis.com/auth/cloudplatformprojects.readonly","https://www.googleapis.com/auth/firebase","https://www.googleapis.com/auth/cloud-platform"]
[debug] [2022-12-20T20:19:04.340Z] > authorizing via signed-in user (ngosangns@gmail.com)
[debug] [2022-12-20T20:19:04.340Z] [iam] checking project kma-schedule-ngosangns for permissions ["firebase.projects.get","firebasehosting.sites.update"]
[debug] [2022-12-20T20:19:04.341Z] > refreshing access token with scopes: []
[debug] [2022-12-20T20:19:04.342Z] >>> [apiv2][query] POST https://www.googleapis.com/oauth2/v3/token [none]
[debug] [2022-12-20T20:19:04.342Z] >>> [apiv2][body] POST https://www.googleapis.com/oauth2/v3/token [omitted]
[debug] [2022-12-20T20:19:05.053Z] <<< [apiv2][status] GET https://firebase-public.firebaseio.com/cli.json 200
[debug] [2022-12-20T20:19:05.053Z] <<< [apiv2][body] GET https://firebase-public.firebaseio.com/cli.json {"cloudBuildErrorAfter":1594252800000,"cloudBuildWarnAfter":1590019200000,"defaultNode10After":1594252800000,"minVersion":"3.0.5","node8DeploysDisabledAfter":1613390400000,"node8RuntimeDisabledAfter":1615809600000,"node8WarnAfter":1600128000000}
[debug] [2022-12-20T20:19:05.652Z] <<< [apiv2][status] POST https://www.googleapis.com/oauth2/v3/token 200
[debug] [2022-12-20T20:19:05.652Z] <<< [apiv2][body] POST https://www.googleapis.com/oauth2/v3/token [omitted]
[debug] [2022-12-20T20:19:05.668Z] >>> [apiv2][query] POST https://cloudresourcemanager.googleapis.com/v1/projects/kma-schedule-ngosangns:testIamPermissions [none]
[debug] [2022-12-20T20:19:05.668Z] >>> [apiv2][(partial)header] POST https://cloudresourcemanager.googleapis.com/v1/projects/kma-schedule-ngosangns:testIamPermissions x-goog-quota-user=projects/kma-schedule-ngosangns
[debug] [2022-12-20T20:19:05.668Z] >>> [apiv2][body] POST https://cloudresourcemanager.googleapis.com/v1/projects/kma-schedule-ngosangns:testIamPermissions {"permissions":["firebase.projects.get","firebasehosting.sites.update"]}
[debug] [2022-12-20T20:19:07.656Z] <<< [apiv2][status] POST https://cloudresourcemanager.googleapis.com/v1/projects/kma-schedule-ngosangns:testIamPermissions 200
[debug] [2022-12-20T20:19:07.657Z] <<< [apiv2][body] POST https://cloudresourcemanager.googleapis.com/v1/projects/kma-schedule-ngosangns:testIamPermissions {"permissions":["firebase.projects.get","firebasehosting.sites.update"]}
[debug] [2022-12-20T20:19:07.658Z] >>> [apiv2][query] GET https://firebase.googleapis.com/v1beta1/projects/kma-schedule-ngosangns [none]
